  Array.cpp
C:\Users\ksush\source\repos\Project_opp_6.1\Project_opp_6.1\Array.h(17,7): warning C4290: спецификация исключений C++ игнорируется, кроме случая, когда указывается, что функция не является __declspec(nothrow)
C:\Users\ksush\source\repos\Project_opp_6.1\Project_opp_6.1\Array.h(18,7): warning C4290: спецификация исключений C++ игнорируется, кроме случая, когда указывается, что функция не является __declspec(nothrow)
C:\Users\ksush\source\repos\Project_opp_6.1\Project_opp_6.1\Array.h(19,7): warning C4290: спецификация исключений C++ игнорируется, кроме случая, когда указывается, что функция не является __declspec(nothrow)
C:\Users\ksush\source\repos\Project_opp_6.1\Project_opp_6.1\Array.h(20,7): warning C4290: спецификация исключений C++ игнорируется, кроме случая, когда указывается, что функция не является __declspec(nothrow)
C:\Users\ksush\source\repos\Project_opp_6.1\Project_opp_6.1\Array.h(35,18): warning C4290: спецификация исключений C++ игнорируется, кроме случая, когда указывается, что функция не является __declspec(nothrow)
C:\Users\ksush\source\repos\Project_opp_6.1\Project_opp_6.1\Array.h(38,47): warning C4290: спецификация исключений C++ игнорируется, кроме случая, когда указывается, что функция не является __declspec(nothrow)
C:\Users\ksush\source\repos\Project_opp_6.1\Project_opp_6.1\Array.h(39,59): warning C4290: спецификация исключений C++ игнорируется, кроме случая, когда указывается, что функция не является __declspec(nothrow)
C:\Users\ksush\source\repos\Project_opp_6.1\Project_opp_6.1\Array.h(56,36): warning C4290: спецификация исключений C++ игнорируется, кроме случая, когда указывается, что функция не является __declspec(nothrow)
C:\Users\ksush\source\repos\Project_opp_6.1\Project_opp_6.1\Array.cpp(9,34): warning C4290: спецификация исключений C++ игнорируется, кроме случая, когда указывается, что функция не является __declspec(nothrow)
C:\Users\ksush\source\repos\Project_opp_6.1\Project_opp_6.1\Array.cpp(18,34): warning C4290: спецификация исключений C++ игнорируется, кроме случая, когда указывается, что функция не является __declspec(nothrow)
C:\Users\ksush\source\repos\Project_opp_6.1\Project_opp_6.1\Array.cpp(31,34): warning C4290: спецификация исключений C++ игнорируется, кроме случая, когда указывается, что функция не является __declspec(nothrow)
C:\Users\ksush\source\repos\Project_opp_6.1\Project_opp_6.1\Array.cpp(43,45): warning C4290: спецификация исключений C++ игнорируется, кроме случая, когда указывается, что функция не является __declspec(nothrow)
C:\Users\ksush\source\repos\Project_opp_6.1\Project_opp_6.1\Array.cpp(66,60): warning C4290: спецификация исключений C++ игнорируется, кроме случая, когда указывается, что функция не является __declspec(nothrow)
C:\Users\ksush\source\repos\Project_opp_6.1\Project_opp_6.1\Array.cpp(74,19): warning C4290: спецификация исключений C++ игнорируется, кроме случая, когда указывается, что функция не является __declspec(nothrow)
C:\Users\ksush\source\repos\Project_opp_6.1\Project_opp_6.1\Array.cpp(81,51): warning C4290: спецификация исключений C++ игнорируется, кроме случая, когда указывается, что функция не является __declspec(nothrow)
C:\Users\ksush\source\repos\Project_opp_6.1\Project_opp_6.1\Array.cpp(119,20): warning C4018: <: несоответствие типов со знаком и без знака
C:\Users\ksush\source\repos\Project_opp_6.1\Project_opp_6.1\Array.cpp(122,14): warning C4244: аргумент: преобразование "const double" в "const size_t", возможна потеря данных
C:\Users\ksush\source\repos\Project_opp_6.1\Project_opp_6.1\Array.cpp(126,39): warning C4290: спецификация исключений C++ игнорируется, кроме случая, когда указывается, что функция не является __declspec(nothrow)
C:\Users\ksush\source\repos\Project_opp_6.1\Project_opp_6.1\Array.cpp(127,1): warning C5043: "Array::pop_back": спецификация исключения не соответствует предыдущему объявлению
C:\Users\ksush\source\repos\Project_opp_6.1\Project_opp_6.1\Array.h(47): message : см. объявление "Array::pop_back"
C:\Users\ksush\source\repos\Project_opp_6.1\Project_opp_6.1\Array.cpp(142,20): warning C4018: <: несоответствие типов со знаком и без знака
C:\Users\ksush\source\repos\Project_opp_6.1\Project_opp_6.1\Array.cpp(150,20): warning C4018: <: несоответствие типов со знаком и без знака
C:\Users\ksush\source\repos\Project_opp_6.1\Project_opp_6.1\Array.cpp(151,18): warning C4244: +=: преобразование "double" в "int", возможна потеря данных
C:\Users\ksush\source\repos\Project_opp_6.1\Project_opp_6.1\Array.cpp(159,42): warning C4290: спецификация исключений C++ игнорируется, кроме случая, когда указывается, что функция не является __declspec(nothrow)
C:\Users\ksush\source\repos\Project_opp_6.1\Project_opp_6.1\Array.cpp(167,20): warning C4018: <: несоответствие типов со знаком и без знака
C:\Users\ksush\source\repos\Project_opp_6.1\Project_opp_6.1\Array.cpp(179,20): warning C4018: <: несоответствие типов со знаком и без знака
  Project_opp_6.1.vcxproj -> C:\Users\ksush\source\repos\Project_opp_6.1\Debug\Project_opp_6.1.exe
